This is pdfTeX, Version 3.1415926-1.40.10 (MiKTeX 2.8) (preloaded format=pdflatex 2011.11.15)  25 NOV 2011 11:51
entering extended mode
**bakalaurinis.tex
("C:\Users\Dainius\Documents\My Dropbox\bachelor\keed\bachelor\bakalaurinis.tex
"
LaTeX2e <2009/09/24>
Babel <v3.8l> and hyphenation patterns for english, dumylang, nohyphenation, ge
rman, ngerman, german-x-2009-06-19, ngerman-x-2009-06-19, french, loaded.
("C:\Program Files (x86)\MiKTeX 2.8\tex\latex\base\article.cls"
Document Class: article 2007/10/19 v1.4h Standard LaTeX document class
("C:\Program Files (x86)\MiKTeX 2.8\tex\latex\base\size10.clo"
File: size10.clo 2007/10/19 v1.4h Standard LaTeX file (size option)
)
\c@part=\count79
\c@section=\count80
\c@subsection=\count81
\c@subsubsection=\count82
\c@paragraph=\count83
\c@subparagraph=\count84
\c@figure=\count85
\c@table=\count86
\abovecaptionskip=\skip41
\belowcaptionskip=\skip42
\bibindent=\dimen102
)
("C:\Program Files (x86)\MiKTeX 2.8\tex\latex\base\inputenc.sty"
Package: inputenc 2008/03/30 v1.1d Input encoding file
\inpenc@prehook=\toks14
\inpenc@posthook=\toks15

("C:\Program Files (x86)\MiKTeX 2.8\tex\latex\unicode\utf8x.def"
File: utf8x.def 2004/10/17 UCS: Input encoding UTF-8
))
("C:\Program Files (x86)\MiKTeX 2.8\tex\latex\unicode\ucs.sty"
Package: ucs 2004/10/17 UCS: Unicode input support

("C:\Program Files (x86)\MiKTeX 2.8\tex\latex\unicode\data\uni-global.def"
File: uni-global.def 2004/10/17 UCS: Unicode global data
)
\uc@secondtry=\count87
\uc@combtoks=\toks16
\uc@combtoksb=\toks17
\uc@temptokena=\toks18
)
("C:\Program Files (x86)\MiKTeX 2.8\tex\generic\babel\babel.sty"
Package: babel 2008/07/06 v3.8l The Babel package

*************************************
* Local config file bblopts.cfg used
*
("C:\Program Files (x86)\MiKTeX 2.8\tex\latex\00miktex\bblopts.cfg"
File: bblopts.cfg 2006/07/31 v1.0 MiKTeX 'babel' configuration
)
("C:\Program Files (x86)\MiKTeX 2.8\tex\generic\babel\lithuanian.ldf"
Language: lithuanian 2006/09/20 v0.5 Lithuanian support from the babel system

("C:\Program Files (x86)\MiKTeX 2.8\tex\generic\babel\babel.def"
File: babel.def 2008/07/06 v3.8l Babel common definitions
\babel@savecnt=\count88
\U@D=\dimen103
)

Package babel Warning: No hyphenation patterns were loaded for
(babel)                the language `Lithuanian'
(babel)                I will use the patterns loaded for \language=0 instead.

\l@lithuanian = a dialect from \language0
)) ("C:\Program Files (x86)\MiKTeX 2.8\tex\latex\base\fontenc.sty"
Package: fontenc 2005/09/27 v1.99g Standard LaTeX package

("C:\Program Files (x86)\MiKTeX 2.8\tex\latex\ltfonts\l7xenc.def"
File: l7xenc.def 2008/10/14 v1.96 LaTeX-LT file
LaTeX Info: Redefining \selectfont on input line 30.
)
LaTeX Font Info:    Failed loading font information for L7x+cmr. on input line 
100.
LaTeX Font Info:    Try loading font information for L7x+lmr on input line 100.


("C:\Program Files (x86)\MiKTeX 2.8\tex\latex\lm\l7xlmr.fd"
File: l7xlmr.fd 2009/10/30 v1.6 Font defs for Latin Modern
))
("C:\Program Files (x86)\MiKTeX 2.8\tex\latex\lm\lmodern.sty"
Package: lmodern 2009/10/30 v1.6 Latin Modern Fonts
LaTeX Font Info:    Overwriting symbol font `operators' in version `normal'
(Font)                  OT1/cmr/m/n --> OT1/lmr/m/n on input line 22.
LaTeX Font Info:    Overwriting symbol font `letters' in version `normal'
(Font)                  OML/cmm/m/it --> OML/lmm/m/it on input line 23.
LaTeX Font Info:    Overwriting symbol font `symbols' in version `normal'
(Font)                  OMS/cmsy/m/n --> OMS/lmsy/m/n on input line 24.
LaTeX Font Info:    Overwriting symbol font `largesymbols' in version `normal'
(Font)                  OMX/cmex/m/n --> OMX/lmex/m/n on input line 25.
LaTeX Font Info:    Overwriting symbol font `operators' in version `bold'
(Font)                  OT1/cmr/bx/n --> OT1/lmr/bx/n on input line 26.
LaTeX Font Info:    Overwriting symbol font `letters' in version `bold'
(Font)                  OML/cmm/b/it --> OML/lmm/b/it on input line 27.
LaTeX Font Info:    Overwriting symbol font `symbols' in version `bold'
(Font)                  OMS/cmsy/b/n --> OMS/lmsy/b/n on input line 28.
LaTeX Font Info:    Overwriting symbol font `largesymbols' in version `bold'
(Font)                  OMX/cmex/m/n --> OMX/lmex/m/n on input line 29.
LaTeX Font Info:    Overwriting math alphabet `\mathbf' in version `normal'
(Font)                  OT1/cmr/bx/n --> OT1/lmr/bx/n on input line 31.
LaTeX Font Info:    Overwriting math alphabet `\mathsf' in version `normal'
(Font)                  OT1/cmss/m/n --> OT1/lmss/m/n on input line 32.
LaTeX Font Info:    Overwriting math alphabet `\mathit' in version `normal'
(Font)                  OT1/cmr/m/it --> OT1/lmr/m/it on input line 33.
LaTeX Font Info:    Overwriting math alphabet `\mathtt' in version `normal'
(Font)                  OT1/cmtt/m/n --> OT1/lmtt/m/n on input line 34.
LaTeX Font Info:    Overwriting math alphabet `\mathbf' in version `bold'
(Font)                  OT1/cmr/bx/n --> OT1/lmr/bx/n on input line 35.
LaTeX Font Info:    Overwriting math alphabet `\mathsf' in version `bold'
(Font)                  OT1/cmss/bx/n --> OT1/lmss/bx/n on input line 36.
LaTeX Font Info:    Overwriting math alphabet `\mathit' in version `bold'
(Font)                  OT1/cmr/bx/it --> OT1/lmr/bx/it on input line 37.
LaTeX Font Info:    Overwriting math alphabet `\mathtt' in version `bold'
(Font)                  OT1/cmtt/m/n --> OT1/lmtt/m/n on input line 38.
)
("C:\Program Files (x86)\MiKTeX 2.8\tex\latex\tools\verbatim.sty"
Package: verbatim 2003/08/22 v1.5q LaTeX2e package for verbatim enhancements
\every@verbatim=\toks19
\verbatim@line=\toks20
\verbatim@in@stream=\read1
)
("C:\Program Files (x86)\MiKTeX 2.8\tex\latex\tocloft\tocloft.sty"
Package: tocloft 2009/09/04 v2.3d parameterised ToC, etc., typesetting


Package tocloft Note: The document has section divisions.

\cftparskip=\skip43
\cftbeforetoctitleskip=\skip44
\cftaftertoctitleskip=\skip45
\cftbeforepartskip=\skip46
\cftpartnumwidth=\skip47
\cftpartindent=\skip48
\cftbeforesecskip=\skip49
\cftsecindent=\skip50
\cftsecnumwidth=\skip51
\cftbeforesubsecskip=\skip52
\cftsubsecindent=\skip53
\cftsubsecnumwidth=\skip54
\cftbeforesubsubsecskip=\skip55
\cftsubsubsecindent=\skip56
\cftsubsubsecnumwidth=\skip57
\cftbeforeparaskip=\skip58
\cftparaindent=\skip59
\cftparanumwidth=\skip60
\cftbeforesubparaskip=\skip61
\cftsubparaindent=\skip62
\cftsubparanumwidth=\skip63
\cftbeforeloftitleskip=\skip64
\cftafterloftitleskip=\skip65
\cftbeforefigskip=\skip66
\cftfigindent=\skip67
\cftfignumwidth=\skip68
\c@lofdepth=\count89
\c@lotdepth=\count90
\cftbeforelottitleskip=\skip69
\cftafterlottitleskip=\skip70
\cftbeforetabskip=\skip71
\cfttabindent=\skip72
\cfttabnumwidth=\skip73
) ("C:\Program Files (x86)\MiKTeX 2.8\tex\latex\ltxmisc\url.sty"
\Urlmuskip=\muskip10
Package: url 2006/04/12  ver 3.3  Verb mode for urls, etc.
)
("C:\Program Files (x86)\MiKTeX 2.8\tex\latex\graphics\graphicx.sty"
Package: graphicx 1999/02/16 v1.0f Enhanced LaTeX Graphics (DPC,SPQR)

("C:\Program Files (x86)\MiKTeX 2.8\tex\latex\graphics\keyval.sty"
Package: keyval 1999/03/16 v1.13 key=value parser (DPC)
\KV@toks@=\toks21
)
("C:\Program Files (x86)\MiKTeX 2.8\tex\latex\graphics\graphics.sty"
Package: graphics 2009/02/05 v1.0o Standard LaTeX Graphics (DPC,SPQR)

("C:\Program Files (x86)\MiKTeX 2.8\tex\latex\graphics\trig.sty"
Package: trig 1999/03/16 v1.09 sin cos tan (DPC)
)
("C:\Program Files (x86)\MiKTeX 2.8\tex\latex\00miktex\graphics.cfg"
File: graphics.cfg 2007/01/18 v1.5 graphics configuration of teTeX/TeXLive
)
Package graphics Info: Driver file: pdftex.def on input line 91.

("C:\Program Files (x86)\MiKTeX 2.8\tex\latex\pdftex-def\pdftex.def"
File: pdftex.def 2010/02/14 v0.04n Graphics/color for pdfTeX
\Gread@gobject=\count91
))
\Gin@req@height=\dimen104
\Gin@req@width=\dimen105
)
("C:\Users\Dainius\Documents\My Dropbox\bachelor\keed\bachelor\bakalaurinis.aux
"
("C:\Users\Dainius\Documents\My Dropbox\bachelor\keed\bachelor\priziurimas_ir_n
epriziurimas_mokymasis.aux")
("C:\Users\Dainius\Documents\My Dropbox\bachelor\keed\bachelor\support_vector_m
achines.aux"))
LaTeX Font Info:    Checking defaults for OML/cmm/m/it on input line 15.
LaTeX Font Info:    ... okay on input line 15.
LaTeX Font Info:    Checking defaults for T1/cmr/m/n on input line 15.
LaTeX Font Info:    ... okay on input line 15.
LaTeX Font Info:    Checking defaults for OT1/cmr/m/n on input line 15.
LaTeX Font Info:    ... okay on input line 15.
LaTeX Font Info:    Checking defaults for OMS/cmsy/m/n on input line 15.
LaTeX Font Info:    ... okay on input line 15.
LaTeX Font Info:    Checking defaults for OMX/cmex/m/n on input line 15.
LaTeX Font Info:    ... okay on input line 15.
LaTeX Font Info:    Checking defaults for U/cmr/m/n on input line 15.
LaTeX Font Info:    ... okay on input line 15.
LaTeX Font Info:    Checking defaults for L7x/lmr/m/n on input line 15.
LaTeX Font Info:    ... okay on input line 15.
 ("C:\Program Files (x86)\MiKTeX 2.8\tex\latex\unicode\ucsencs.def"
File: ucsencs.def 2003/11/29 Fixes to fontencodings LGR, T3
) ("C:\Program Files (x86)\MiKTeX 2.8\tex\context\base\supp-pdf.tex"
[Loading MPS to PDF converter (version 2006.09.02).]
\scratchcounter=\count92
\scratchdimen=\dimen106
\scratchbox=\box26
\nofMPsegments=\count93
\nofMParguments=\count94
\everyMPshowfont=\toks22
\MPscratchCnt=\count95
\MPscratchDim=\dimen107
\MPnumerator=\count96
\everyMPtoPDFconversion=\toks23
)
("C:\Users\Dainius\Documents\My Dropbox\bachelor\keed\bachelor\bakalaurinis.toc
"
LaTeX Font Info:    Try loading font information for OT1+lmr on input line 2.
 ("C:\Program Files (x86)\MiKTeX 2.8\tex\latex\lm\ot1lmr.fd"
File: ot1lmr.fd 2009/10/30 v1.6 Font defs for Latin Modern
)
LaTeX Font Info:    Try loading font information for OML+lmm on input line 2.

("C:\Program Files (x86)\MiKTeX 2.8\tex\latex\lm\omllmm.fd"
File: omllmm.fd 2009/10/30 v1.6 Font defs for Latin Modern
)
LaTeX Font Info:    Try loading font information for OMS+lmsy on input line 2.

("C:\Program Files (x86)\MiKTeX 2.8\tex\latex\lm\omslmsy.fd"
File: omslmsy.fd 2009/10/30 v1.6 Font defs for Latin Modern
)
LaTeX Font Info:    Try loading font information for OMX+lmex on input line 2.

("C:\Program Files (x86)\MiKTeX 2.8\tex\latex\lm\omxlmex.fd"
File: omxlmex.fd 2009/10/30 v1.6 Font defs for Latin Modern
)
LaTeX Font Info:    External font `lmex10' loaded for size
(Font)              <10> on input line 2.
LaTeX Font Info:    External font `lmex10' loaded for size
(Font)              <7> on input line 2.
LaTeX Font Info:    External font `lmex10' loaded for size
(Font)              <5> on input line 2.
)
\tf@toc=\write3
 [1

{C:/ProgramData/MiKTeX/2.8/pdftex/config/pdftex.map}]
("C:\Users\Dainius\Documents\My Dropbox\bachelor\keed\bachelor\priziurimas_ir_n
epriziurimas_mokymasis.tex"
("C:\Program Files (x86)\MiKTeX 2.8\tex\latex\unicode\data\uni-1.def"
File: uni-1.def 2004/10/17 UCS: Unicode data U+0100..U+01FF
)
LaTeX Font Info:    External font `lmex10' loaded for size
(Font)              <8> on input line 13.
LaTeX Font Info:    External font `lmex10' loaded for size
(Font)              <6> on input line 13.

Overfull \hbox (1.94421pt too wide) in paragraph at lines 17--21
[]\L7x/lmr/m/n/10 Mokymas su moky-to-ju tai toks moky-mas, kai turime moky-mo d
uome-nis, kuriems
 []


Overfull \hbox (35.79439pt too wide) in paragraph at lines 41--46
 \L7x/lmr/bx/n/10 Klasi-fikav-i-mo uþ-davinio pavyzdys[] []\L7x/lmr/m/n/10 Klas
i-fikav-i-mo tik-slas - iden-ti-fikuoti parametrus,
 []

<images/ranka_rasyti_skaiciai.png, id=8, 408.02437pt x 249.93375pt>
File: images/ranka_rasyti_skaiciai.png Graphic file (type png)

<use images/ranka_rasyti_skaiciai.png> [2

 <C:/Users/Dainius/Documents/My Dropbox/bachelor/keed/bachelor/images/ranka_ras
yti_skaiciai.png>]
Overfull \hbox (15.28911pt too wide) in paragraph at lines 90--95
 \L7x/lmr/bx/n/10 Re-gresinës anal-izës payzdys[] []\L7x/lmr/m/n/10 Re-gre-si-j
a prog-nozuo-jant nau-jø duomenø reikðmes
 []


Overfull \hbox (8.68504pt too wide) in paragraph at lines 90--95
\L7x/lmr/m/n/10 Re-gresinë anal-izë daþ-ni-au-si-ai nau-do-ja-ma ávert-in-ti (a
ng. fore-cast) ateities duomenø
 []

[3] ("C:\Program Files (x86)\MiKTeX 2.8\tex\latex\unicode\data\uni-32.def"
File: uni-32.def 2004/10/17 UCS: Unicode data U+2000..U+20FF
))
[4] [5

]
("C:\Users\Dainius\Documents\My Dropbox\bachelor\keed\bachelor\support_vector_m
achines.tex") [6

]
("C:\Users\Dainius\Documents\My Dropbox\bachelor\keed\bachelor\savoku_apibrezim
ai.tex" ("C:\Program Files (x86)\MiKTeX 2.8\tex\latex\unicode\data\uni-0.def"
File: uni-0.def 2004/10/17 UCS: Unicode data U+0000..U+00FF
)) ("C:\Users\Dainius\Documents\My Dropbox\bachelor\keed\bachelor\bakalaurinis.
bbl"
LaTeX Font Info:    Try loading font information for L7x+lmtt on input line 9.
 ("C:\Program Files (x86)\MiKTeX 2.8\tex\latex\lm\l7xlmtt.fd"
File: l7xlmtt.fd 2009/10/30 v1.6 Font defs for Latin Modern
)
Underfull \hbox (badness 2990) in paragraph at lines 4--10
\L7x/lmr/m/n/10 2008.  Prieiga in-ter-ne-tu: $\L7x/lmtt/m/n/10 http : / / vddb 
. laba . lt / fedora / get /
 []


Underfull \hbox (badness 10000) in paragraph at lines 4--10
\L7x/lmtt/m/n/10 LT-[]eLABa-[]0001 : E . 02~2008~D _ 20080930 _ 090520-[]93322 
/ DS . 005 . 0 .
 []


Underfull \hbox (badness 10000) in paragraph at lines 19--26
[][]\L7x/lmr/m/n/10 Jelena Mamèenko.  \L7x/lmr/m/it/10 Duomen[] gavy-bos techno
logij[] taiky-
 []


Underfull \hbox (badness 3701) in paragraph at lines 19--26
\L7x/lmr/m/it/10 mas iðskirstyt[] serveri[] dar-bui ger-in-ti\L7x/lmr/m/n/10 . 
 PhD the-sis, Vil-ni-
 []


Underfull \hbox (badness 4454) in paragraph at lines 19--26
\L7x/lmr/m/n/10 aus Ged-imi-no tech-nikos uni-ver-site-tas, 2008.  Prieiga in-t
er-
 []


Underfull \hbox (badness 10000) in paragraph at lines 19--26
\L7x/lmr/m/n/10 ne-tu: $\L7x/lmtt/m/n/10 http : / / vddb . laba . lt / fedora /
 get / LT-[]eLABa-[]0001 :
 []


Underfull \hbox (badness 5893) in paragraph at lines 28--34
[][]\L7x/lmr/m/n/10 Dalia Mar-tiðiûtë.  Vaizd[] klas-ter-i-za-v-i-mas.  Mas-ter
's the-
 []


Underfull \hbox (badness 3199) in paragraph at lines 28--34
\L7x/lmr/m/n/10 sis, Vil-ni-aus uni-ver-site-tas, 2008.  Prieiga in-ter-ne-tu: 
$\L7x/lmtt/m/n/10 http :
 []


Underfull \hbox (badness 10000) in paragraph at lines 28--34
\L7x/lmtt/m/n/10 / / vddb . laba . lt / fedora / get / LT-[]eLABa-[]0001 : E . 
02~2008~D _
 []

[7

]) [8]
("C:\Users\Dainius\Documents\My Dropbox\bachelor\keed\bachelor\bakalaurinis.aux
"
("C:\Users\Dainius\Documents\My Dropbox\bachelor\keed\bachelor\priziurimas_ir_n
epriziurimas_mokymasis.aux")
("C:\Users\Dainius\Documents\My Dropbox\bachelor\keed\bachelor\support_vector_m
achines.aux")) ) 
Here is how much of TeX's memory you used:
 3758 strings out of 495285
 49222 string characters out of 3179820
 92451 words of memory out of 3000000
 6888 multiletter control sequences out of 15000+200000
 39581 words of font info for 41 fonts, out of 3000000 for 9000
 14 hyphenation exceptions out of 8191
 27i,8n,24p,342b,478s stack positions out of 5000i,500n,10000p,200000b,50000s
{C:/Program Files (x86)/MiKTeX 2.8/fonts/enc/dvips/lm/lm-l7x.en
c}<C:/Program Files (x86)/MiKTeX 2.8/fonts/type1/public/lm/lmbx10.pfb><C:/Progr
am Files (x86)/MiKTeX 2.8/fonts/type1/public/lm/lmbx12.pfb><C:/Program Files (x
86)/MiKTeX 2.8/fonts/type1/public/lm/lmr10.pfb><C:/Program Files (x86)/MiKTeX 2
.8/fonts/type1/public/lm/lmr6.pfb><C:/Program Files (x86)/MiKTeX 2.8/fonts/type
1/public/lm/lmr7.pfb><C:/Program Files (x86)/MiKTeX 2.8/fonts/type1/public/lm/l
mr8.pfb><C:/Program Files (x86)/MiKTeX 2.8/fonts/type1/public/lm/lmri10.pfb><C:
/Program Files (x86)/MiKTeX 2.8/fonts/type1/public/lm/lmtt10.pfb>
Output written on bakalaurinis.pdf (8 pages, 246160 bytes).
PDF statistics:
 65 PDF objects out of 1000 (max. 8388607)
 0 named destinations out of 1000 (max. 500000)
 6 words of extra memory for PDF output out of 10000 (max. 10000000)

